<?xml version='1.1' encoding='UTF-8'?>
<result plugin="junit@1119.1121.vc43d0fc45561">
  <suites>
    <suite>
      <file>/var/lib/jenkins/workspace/git-maven-project1/server/target/surefire-reports/TEST-com.example.TestGreeter.xml</file>
      <name>com.example.TestGreeter</name>
      <duration>0.096</duration>
      <time>0.096</time>
      <enclosingBlocks/>
      <enclosingBlockNames/>
      <cases>
        <case>
          <duration>0.0</duration>
          <className>com.example.TestGreeter</className>
          <testName>greetShouldIncludeTheOneBeingGreeted</testName>
          <skipped>false</skipped>
          <failedSince>0</failedSince>
        </case>
        <case>
          <duration>0.013</duration>
          <className>com.example.TestGreeter</className>
          <testName>greetShouldIncludeGreetingPhrase</testName>
          <skipped>false</skipped>
          <failedSince>0</failedSince>
        </case>
      </cases>
    </suite>
  </suites>
  <duration>0.096</duration>
  <skipOldReports>true</skipOldReports>
  <keepLongStdio>false</keepLongStdio>
</result>