<?xml version='1.1' encoding='UTF-8'?>
<result plugin="junit@1143.v8d9a_e3355270">
  <suites>
    <suite>
      <file>/var/lib/jenkins/workspace/geolocation/target/surefire-reports/TEST-com.spring.bioMedical.BioMedicalApplicationTests.xml</file>
      <name>com.spring.bioMedical.BioMedicalApplicationTests</name>
      <duration>16.414</duration>
      <time>16.414</time>
      <enclosingBlocks/>
      <enclosingBlockNames/>
      <cases>
        <case>
          <duration>0.246</duration>
          <className>com.spring.bioMedical.BioMedicalApplicationTests</className>
          <testName>contextLoads</testName>
          <skipped>false</skipped>
          <failedSince>0</failedSince>
        </case>
      </cases>
    </suite>
  </suites>
  <duration>16.414</duration>
  <skipOldReports>true</skipOldReports>
  <keepLongStdio>false</keepLongStdio>
</result>